2018-03-09 14:24 +00:00: Error: spawn /root/public_html/node_modules/phantomjs-prebuilt/lib/phantom\bin\phantomjs.exe ENOENT
    at exports._errnoException (util.js:1020:11)
    at Process.ChildProcess._handle.onexit (internal/child_process.js:197:32)
    at onErrorNT (internal/child_process.js:376:16)
    at _combinedTickCallback (internal/process/next_tick.js:80:11)
    at process._tickDomainCallback (internal/process/next_tick.js:128:9)
2018-03-10 06:11 +00:00: Error: spawn /root/public_html/node_modules/phantomjs-prebuilt/lib/phantom\bin\phantomjs.exe ENOENT
    at exports._errnoException (util.js:1020:11)
    at Process.ChildProcess._handle.onexit (internal/child_process.js:197:32)
    at onErrorNT (internal/child_process.js:376:16)
    at _combinedTickCallback (internal/process/next_tick.js:80:11)
    at process._tickDomainCallback (internal/process/next_tick.js:128:9)
2018-03-10 13:23 +00:00: Error: spawn /root/public_html/node_modules/phantomjs-prebuilt/lib/phantom\bin\phantomjs.exe ENOENT
    at exports._errnoException (util.js:1020:11)
    at Process.ChildProcess._handle.onexit (internal/child_process.js:197:32)
    at onErrorNT (internal/child_process.js:376:16)
    at _combinedTickCallback (internal/process/next_tick.js:80:11)
    at process._tickDomainCallback (internal/process/next_tick.js:128:9)
2018-03-12 11:11 +00:00: TypeError: Cannot read property 'user_type' of undefined
    at /root/public_html/routes/index.js:165:45
    at Layer.handle [as handle_request] (/root/public_html/node_modules/express/lib/router/layer.js:95:5)
    at next (/root/public_html/node_modules/express/lib/router/route.js:131:13)
    at Route.dispatch (/root/public_html/node_modules/express/lib/router/route.js:112:3)
    at Layer.handle [as handle_request] (/root/public_html/node_modules/express/lib/router/layer.js:95:5)
    at /root/public_html/node_modules/express/lib/router/index.js:277:22
    at Function.process_params (/root/public_html/node_modules/express/lib/router/index.js:330:12)
    at next (/root/public_html/node_modules/express/lib/router/index.js:271:10)
    at /root/public_html/app.js:52:5
    at Layer.handle [as handle_request] (/root/public_html/node_modules/express/lib/router/layer.js:95:5)
    at trim_prefix (/root/public_html/node_modules/express/lib/router/index.js:312:13)
    at /root/public_html/node_modules/express/lib/router/index.js:280:7
    at Function.process_params (/root/public_html/node_modules/express/lib/router/index.js:330:12)
    at next (/root/public_html/node_modules/express/lib/router/index.js:271:10)
    at i18nInit (/root/public_html/node_modules/i18n/i18n.js:201:14)
    at Layer.handle [as handle_request] (/root/public_html/node_modules/express/lib/router/layer.js:95:5)
    at trim_prefix (/root/public_html/node_modules/express/lib/router/index.js:312:13)
    at /root/public_html/node_modules/express/lib/router/index.js:280:7
    at Function.process_params (/root/public_html/node_modules/express/lib/router/index.js:330:12)
    at next (/root/public_html/node_modules/express/lib/router/index.js:271:10)
    at compression (/root/public_html/node_modules/compression/index.js:219:5)
    at Layer.handle [as handle_request] (/root/public_html/node_modules/express/lib/router/layer.js:95:5)
    at trim_prefix (/root/public_html/node_modules/express/lib/router/index.js:312:13)
    at /root/public_html/node_modules/express/lib/router/index.js:280:7
    at Function.process_params (/root/public_html/node_modules/express/lib/router/index.js:330:12)
    at next (/root/public_html/node_modules/express/lib/router/index.js:271:10)
    at /root/public_html/node_modules/connect-flash/lib/flash.js:21:5
    at Layer.handle [as handle_request] (/root/public_html/node_modules/express/lib/router/layer.js:95:5)
2018-03-16 07:51 +00:00: Error: spawn /root/public_html/node_modules/phantomjs-prebuilt/lib/phantom\bin\phantomjs.exe ENOENT
    at exports._errnoException (util.js:1020:11)
    at Process.ChildProcess._handle.onexit (internal/child_process.js:197:32)
    at onErrorNT (internal/child_process.js:376:16)
    at _combinedTickCallback (internal/process/next_tick.js:80:11)
    at process._tickDomainCallback (internal/process/next_tick.js:128:9)
2018-03-19 04:50 +00:00: Error: spawn /root/public_html/node_modules/phantomjs-prebuilt/lib/phantom\bin\phantomjs.exe ENOENT
    at exports._errnoException (util.js:1020:11)
    at Process.ChildProcess._handle.onexit (internal/child_process.js:197:32)
    at onErrorNT (internal/child_process.js:376:16)
    at _combinedTickCallback (internal/process/next_tick.js:80:11)
    at process._tickDomainCallback (internal/process/next_tick.js:128:9)
2018-03-19 10:08 +00:00: Error: spawn /root/public_html/node_modules/phantomjs-prebuilt/lib/phantom\bin\phantomjs.exe ENOENT
    at exports._errnoException (util.js:1020:11)
    at Process.ChildProcess._handle.onexit (internal/child_process.js:197:32)
    at onErrorNT (internal/child_process.js:376:16)
    at _combinedTickCallback (internal/process/next_tick.js:80:11)
    at process._tickDomainCallback (internal/process/next_tick.js:128:9)
2018-03-22 12:22 +00:00: Error: spawn /root/public_html/node_modules/phantomjs-prebuilt/lib/phantom\bin\phantomjs.exe ENOENT
    at exports._errnoException (util.js:1020:11)
    at Process.ChildProcess._handle.onexit (internal/child_process.js:197:32)
    at onErrorNT (internal/child_process.js:376:16)
    at _combinedTickCallback (internal/process/next_tick.js:80:11)
    at process._tickDomainCallback (internal/process/next_tick.js:128:9)
2018-03-28 06:50 +00:00: Error: spawn /root/public_html/node_modules/phantomjs-prebuilt/lib/phantom\bin\phantomjs.exe ENOENT
    at exports._errnoException (util.js:1020:11)
    at Process.ChildProcess._handle.onexit (internal/child_process.js:197:32)
    at onErrorNT (internal/child_process.js:376:16)
    at _combinedTickCallback (internal/process/next_tick.js:80:11)
    at process._tickDomainCallback (internal/process/next_tick.js:128:9)
2018-03-28 06:51 +00:00: Error: spawn /root/public_html/node_modules/phantomjs-prebuilt/lib/phantom\bin\phantomjs.exe ENOENT
    at exports._errnoException (util.js:1020:11)
    at Process.ChildProcess._handle.onexit (internal/child_process.js:197:32)
    at onErrorNT (internal/child_process.js:376:16)
    at _combinedTickCallback (internal/process/next_tick.js:80:11)
    at process._tickDomainCallback (internal/process/next_tick.js:128:9)
2018-03-28 06:52 +00:00: Error: spawn /root/public_html/node_modules/phantomjs-prebuilt/lib/phantom\bin\phantomjs.exe ENOENT
    at exports._errnoException (util.js:1020:11)
    at Process.ChildProcess._handle.onexit (internal/child_process.js:197:32)
    at onErrorNT (internal/child_process.js:376:16)
    at _combinedTickCallback (internal/process/next_tick.js:80:11)
    at process._tickDomainCallback (internal/process/next_tick.js:128:9)
2018-03-28 06:53 +00:00: Error: spawn /root/public_html/node_modules/phantomjs-prebuilt/lib/phantom\bin\phantomjs.exe ENOENT
    at exports._errnoException (util.js:1020:11)
    at Process.ChildProcess._handle.onexit (internal/child_process.js:197:32)
    at onErrorNT (internal/child_process.js:376:16)
    at _combinedTickCallback (internal/process/next_tick.js:80:11)
    at process._tickDomainCallback (internal/process/next_tick.js:128:9)
2018-03-28 07:23 +00:00: Error: spawn /root/public_html/node_modules/phantomjs-prebuilt/lib/phantom\bin\phantomjs.exe ENOENT
    at exports._errnoException (util.js:1020:11)
    at Process.ChildProcess._handle.onexit (internal/child_process.js:197:32)
    at onErrorNT (internal/child_process.js:376:16)
    at _combinedTickCallback (internal/process/next_tick.js:80:11)
    at process._tickDomainCallback (internal/process/next_tick.js:128:9)
2018-03-28 07:24 +00:00: Error: spawn /root/public_html/node_modules/phantomjs-prebuilt/lib/phantom\bin\phantomjs.exe ENOENT
    at exports._errnoException (util.js:1020:11)
    at Process.ChildProcess._handle.onexit (internal/child_process.js:197:32)
    at onErrorNT (internal/child_process.js:376:16)
    at _combinedTickCallback (internal/process/next_tick.js:80:11)
    at process._tickDomainCallback (internal/process/next_tick.js:128:9)
2018-03-28 07:26 +00:00: Error: spawn /root/public_html/node_modules/phantomjs-prebuilt/lib/phantom\bin\phantomjs.exe ENOENT
    at exports._errnoException (util.js:1020:11)
    at Process.ChildProcess._handle.onexit (internal/child_process.js:197:32)
    at onErrorNT (internal/child_process.js:376:16)
    at _combinedTickCallback (internal/process/next_tick.js:80:11)
    at process._tickDomainCallback (internal/process/next_tick.js:128:9)
2018-03-28 07:29 +00:00: Error: spawn /root/public_html/node_modules/phantomjs-prebuilt/lib/phantom\bin\phantomjs.exe ENOENT
    at exports._errnoException (util.js:1020:11)
    at Process.ChildProcess._handle.onexit (internal/child_process.js:197:32)
    at onErrorNT (internal/child_process.js:376:16)
    at _combinedTickCallback (internal/process/next_tick.js:80:11)
    at process._tickDomainCallback (internal/process/next_tick.js:128:9)
2018-03-28 07:32 +00:00: Error: spawn /root/public_html/node_modules/phantomjs-prebuilt/lib/phantom\bin\phantomjs.exe ENOENT
    at exports._errnoException (util.js:1020:11)
    at Process.ChildProcess._handle.onexit (internal/child_process.js:197:32)
    at onErrorNT (internal/child_process.js:376:16)
    at _combinedTickCallback (internal/process/next_tick.js:80:11)
    at process._tickDomainCallback (internal/process/next_tick.js:128:9)
2018-03-28 07:36 +00:00: Error: spawn /root/public_html/node_modules/phantomjs-prebuilt/lib/phantom\bin\phantomjs.exe ENOENT
    at exports._errnoException (util.js:1020:11)
    at Process.ChildProcess._handle.onexit (internal/child_process.js:197:32)
    at onErrorNT (internal/child_process.js:376:16)
    at _combinedTickCallback (internal/process/next_tick.js:80:11)
    at process._tickDomainCallback (internal/process/next_tick.js:128:9)
2018-03-28 07:37 +00:00: Error: spawn /root/public_html/node_modules/phantomjs-prebuilt/lib/phantom\bin\phantomjs.exe ENOENT
    at exports._errnoException (util.js:1020:11)
    at Process.ChildProcess._handle.onexit (internal/child_process.js:197:32)
    at onErrorNT (internal/child_process.js:376:16)
    at _combinedTickCallback (internal/process/next_tick.js:80:11)
    at process._tickDomainCallback (internal/process/next_tick.js:128:9)
2018-03-28 07:45 +00:00: Error: spawn /root/public_html/node_modules/phantomjs-prebuilt/lib/phantom\bin\phantomjs.exe ENOENT
    at exports._errnoException (util.js:1020:11)
    at Process.ChildProcess._handle.onexit (internal/child_process.js:197:32)
    at onErrorNT (internal/child_process.js:376:16)
    at _combinedTickCallback (internal/process/next_tick.js:80:11)
    at process._tickDomainCallback (internal/process/next_tick.js:128:9)
2018-03-28 07:54 +00:00: Error: spawn /root/public_html/node_modules/phantomjs-prebuilt/lib/phantom\bin\phantomjs.exe ENOENT
    at exports._errnoException (util.js:1020:11)
    at Process.ChildProcess._handle.onexit (internal/child_process.js:197:32)
    at onErrorNT (internal/child_process.js:376:16)
    at _combinedTickCallback (internal/process/next_tick.js:80:11)
    at process._tickDomainCallback (internal/process/next_tick.js:128:9)
2018-03-28 10:30 +00:00: Error: spawn /root/public_html/node_modules/phantomjs-prebuilt/lib/phantom\bin\phantomjs.exe ENOENT
    at exports._errnoException (util.js:1020:11)
    at Process.ChildProcess._handle.onexit (internal/child_process.js:197:32)
    at onErrorNT (internal/child_process.js:376:16)
    at _combinedTickCallback (internal/process/next_tick.js:80:11)
    at process._tickDomainCallback (internal/process/next_tick.js:128:9)
2018-03-28 10:31 +00:00: Error: spawn /root/public_html/node_modules/phantomjs-prebuilt/lib/phantom\bin\phantomjs.exe ENOENT
    at exports._errnoException (util.js:1020:11)
    at Process.ChildProcess._handle.onexit (internal/child_process.js:197:32)
    at onErrorNT (internal/child_process.js:376:16)
    at _combinedTickCallback (internal/process/next_tick.js:80:11)
    at process._tickDomainCallback (internal/process/next_tick.js:128:9)
2018-03-28 10:32 +00:00: Error: spawn /root/public_html/node_modules/phantomjs-prebuilt/lib/phantom\bin\phantomjs.exe ENOENT
    at exports._errnoException (util.js:1020:11)
    at Process.ChildProcess._handle.onexit (internal/child_process.js:197:32)
    at onErrorNT (internal/child_process.js:376:16)
    at _combinedTickCallback (internal/process/next_tick.js:80:11)
    at process._tickDomainCallback (internal/process/next_tick.js:128:9)
2018-03-28 10:33 +00:00: Error: spawn /root/public_html/node_modules/phantomjs-prebuilt/lib/phantom\bin\phantomjs.exe ENOENT
    at exports._errnoException (util.js:1020:11)
    at Process.ChildProcess._handle.onexit (internal/child_process.js:197:32)
    at onErrorNT (internal/child_process.js:376:16)
    at _combinedTickCallback (internal/process/next_tick.js:80:11)
    at process._tickDomainCallback (internal/process/next_tick.js:128:9)
2018-03-28 10:35 +00:00: Error: spawn /root/public_html/node_modules/phantomjs-prebuilt/lib/phantom\bin\phantomjs.exe ENOENT
    at exports._errnoException (util.js:1020:11)
    at Process.ChildProcess._handle.onexit (internal/child_process.js:197:32)
    at onErrorNT (internal/child_process.js:376:16)
    at _combinedTickCallback (internal/process/next_tick.js:80:11)
    at process._tickDomainCallback (internal/process/next_tick.js:128:9)
2018-03-29 14:31 +00:00: Error: Argument passed in must be a single String of 12 bytes or a string of 24 hex characters
    at new ObjectID (/root/public_html/node_modules/bson/lib/bson/objectid.js:39:11)
    at /root/public_html/controller/site/account.js:2676:32
    at /root/public_html/controller/adaptor/mongodb.js:31:9
    at Query.<anonymous> (/root/public_html/node_modules/mongoose/lib/query.js:2180:28)
    at /root/public_html/node_modules/kareem/index.js:177:19
    at /root/public_html/node_modules/kareem/index.js:109:16
    at _combinedTickCallback (internal/process/next_tick.js:73:7)
    at process._tickDomainCallback (internal/process/next_tick.js:128:9)
2018-03-29 14:31 +00:00: Error: Argument passed in must be a single String of 12 bytes or a string of 24 hex characters
    at new ObjectID (/root/public_html/node_modules/bson/lib/bson/objectid.js:39:11)
    at /root/public_html/controller/site/account.js:2676:32
    at /root/public_html/controller/adaptor/mongodb.js:31:9
    at Query.<anonymous> (/root/public_html/node_modules/mongoose/lib/query.js:2180:28)
    at /root/public_html/node_modules/kareem/index.js:177:19
    at /root/public_html/node_modules/kareem/index.js:109:16
    at _combinedTickCallback (internal/process/next_tick.js:73:7)
    at process._tickDomainCallback (internal/process/next_tick.js:128:9)
2018-03-29 14:31 +00:00: Error: Argument passed in must be a single String of 12 bytes or a string of 24 hex characters
    at new ObjectID (/root/public_html/node_modules/bson/lib/bson/objectid.js:39:11)
    at /root/public_html/controller/site/account.js:2676:32
    at /root/public_html/controller/adaptor/mongodb.js:31:9
    at Query.<anonymous> (/root/public_html/node_modules/mongoose/lib/query.js:2180:28)
    at /root/public_html/node_modules/kareem/index.js:177:19
    at /root/public_html/node_modules/kareem/index.js:109:16
    at _combinedTickCallback (internal/process/next_tick.js:73:7)
    at process._tickDomainCallback (internal/process/next_tick.js:128:9)
2018-03-30 11:34 +00:00: /root/public_html/views/mobile/register/step4.pug, line 42:
You should not have pug tags with multiple attributes.
2018-03-30 11:34 +00:00: /root/public_html/views/mobile/register/step4.pug, line 53:
You should not have pug tags with multiple attributes.
2018-03-30 11:34 +00:00: /root/public_html/views/mobile/register/step4.pug, line 57:
You should not have pug tags with multiple attributes.
2018-03-30 11:34 +00:00: /root/public_html/views/mobile/register/step4.pug, line 61:
You should not have pug tags with multiple attributes.
2018-03-30 11:50 +00:00: USER NAME ALREADY EXISTS
2018-03-30 11:53 +00:00: /root/public_html/views/mobile/register/step4.pug, line 42:
You should not have pug tags with multiple attributes.
2018-03-30 11:53 +00:00: /root/public_html/views/mobile/register/step4.pug, line 53:
You should not have pug tags with multiple attributes.
2018-03-30 11:53 +00:00: /root/public_html/views/mobile/register/step4.pug, line 57:
You should not have pug tags with multiple attributes.
2018-03-30 11:53 +00:00: /root/public_html/views/mobile/register/step4.pug, line 61:
You should not have pug tags with multiple attributes.
2018-03-30 14:36 +00:00: Deprecation warning: moment construction falls back to js Date. This is discouraged and will be removed in upcoming major release. Please refer to https://github.com/moment/moment/issues/1407 for more info.
Error
    at Function.createFromInputFallback (/root/public_html/node_modules/moment/moment.js:746:36)
    at configFromString (/root/public_html/node_modules/moment/moment.js:826:32)
    at configFromInput (/root/public_html/node_modules/moment/moment.js:1353:13)
    at prepareConfig (/root/public_html/node_modules/moment/moment.js:1340:13)
    at createFromConfig (/root/public_html/node_modules/moment/moment.js:1307:44)
    at createLocalOrUTC (/root/public_html/node_modules/moment/moment.js:1385:16)
    at create_utc__createUTC (/root/public_html/node_modules/moment/moment.js:64:16)
    at Function.tz (/root/public_html/node_modules/moment-timezone/moment-timezone.js:484:22)
    at /root/public_html/controller/mobile/provider.js:4787:70
    at /root/public_html/controller/adaptor/mongodb.js:31:9
    at Query.<anonymous> (/root/public_html/node_modules/mongoose/lib/query.js:2180:28)
    at /root/public_html/node_modules/kareem/index.js:177:19
    at /root/public_html/node_modules/kareem/index.js:109:16
    at _combinedTickCallback (internal/process/next_tick.js:73:7)
    at process._tickDomainCallback (internal/process/next_tick.js:128:9)
2018-04-04 12:44 +00:00: /root/public_html/views/mobile/register/step4.pug, line 42:
You should not have pug tags with multiple attributes.
2018-04-04 12:44 +00:00: /root/public_html/views/mobile/register/step4.pug, line 53:
You should not have pug tags with multiple attributes.
2018-04-04 12:44 +00:00: /root/public_html/views/mobile/register/step4.pug, line 57:
You should not have pug tags with multiple attributes.
2018-04-04 12:44 +00:00: /root/public_html/views/mobile/register/step4.pug, line 61:
You should not have pug tags with multiple attributes.
2018-04-04 13:02 +00:00: /root/public_html/views/mobile/register/step4.pug, line 42:
You should not have pug tags with multiple attributes.
2018-04-04 13:02 +00:00: /root/public_html/views/mobile/register/step4.pug, line 53:
You should not have pug tags with multiple attributes.
2018-04-04 13:02 +00:00: /root/public_html/views/mobile/register/step4.pug, line 57:
You should not have pug tags with multiple attributes.
2018-04-04 13:02 +00:00: /root/public_html/views/mobile/register/step4.pug, line 61:
You should not have pug tags with multiple attributes.
2018-04-05 16:29 +00:00: TypeError: Cannot read property 'avatar' of undefined
    at /root/public_html/controller/admin/taskers.js:356:41
    at /root/public_html/controller/adaptor/mongodb.js:17:13
    at Query.<anonymous> (/root/public_html/node_modules/mongoose/lib/query.js:2180:28)
    at /root/public_html/node_modules/kareem/index.js:177:19
    at /root/public_html/node_modules/kareem/index.js:109:16
    at _combinedTickCallback (internal/process/next_tick.js:73:7)
    at process._tickDomainCallback (internal/process/next_tick.js:128:9)
2018-04-14 12:43 +00:00: TypeError: Cannot read property 'toFixed' of undefined
    at /root/public_html/controller/site/account.js:4034:66
    at /root/public_html/controller/adaptor/mongodb.js:31:9
    at Query.<anonymous> (/root/public_html/node_modules/mongoose/lib/query.js:2180:28)
    at /root/public_html/node_modules/kareem/index.js:177:19
    at /root/public_html/node_modules/kareem/index.js:109:16
    at _combinedTickCallback (internal/process/next_tick.js:73:7)
    at process._tickDomainCallback (internal/process/next_tick.js:128:9)
2018-04-14 12:43 +00:00: TypeError: Cannot read property 'toFixed' of undefined
    at /root/public_html/controller/site/account.js:4034:66
    at /root/public_html/controller/adaptor/mongodb.js:31:9
    at Query.<anonymous> (/root/public_html/node_modules/mongoose/lib/query.js:2180:28)
    at /root/public_html/node_modules/kareem/index.js:177:19
    at /root/public_html/node_modules/kareem/index.js:109:16
    at _combinedTickCallback (internal/process/next_tick.js:73:7)
    at process._tickDomainCallback (internal/process/next_tick.js:128:9)
2018-04-14 12:45 +00:00: TypeError: Cannot read property 'toFixed' of undefined
    at /root/public_html/controller/site/account.js:4034:66
    at /root/public_html/controller/adaptor/mongodb.js:31:9
    at Query.<anonymous> (/root/public_html/node_modules/mongoose/lib/query.js:2180:28)
    at /root/public_html/node_modules/kareem/index.js:177:19
    at /root/public_html/node_modules/kareem/index.js:109:16
    at _combinedTickCallback (internal/process/next_tick.js:73:7)
    at process._tickDomainCallback (internal/process/next_tick.js:128:9)
2018-04-14 12:48 +00:00: TypeError: Cannot read property 'toFixed' of undefined
    at /root/public_html/controller/site/account.js:4034:66
    at /root/public_html/controller/adaptor/mongodb.js:31:9
    at Query.<anonymous> (/root/public_html/node_modules/mongoose/lib/query.js:2180:28)
    at /root/public_html/node_modules/kareem/index.js:177:19
    at /root/public_html/node_modules/kareem/index.js:109:16
    at _combinedTickCallback (internal/process/next_tick.js:73:7)
    at process._tickDomainCallback (internal/process/next_tick.js:128:9)
2018-04-14 12:48 +00:00: TypeError: Cannot read property 'toFixed' of undefined
    at /root/public_html/controller/site/account.js:4034:66
    at /root/public_html/controller/adaptor/mongodb.js:31:9
    at Query.<anonymous> (/root/public_html/node_modules/mongoose/lib/query.js:2180:28)
    at /root/public_html/node_modules/kareem/index.js:177:19
    at /root/public_html/node_modules/kareem/index.js:109:16
    at _combinedTickCallback (internal/process/next_tick.js:73:7)
    at process._tickDomainCallback (internal/process/next_tick.js:128:9)
2018-04-14 12:48 +00:00: TypeError: Cannot read property 'toFixed' of undefined
    at /root/public_html/controller/site/account.js:4034:66
    at /root/public_html/controller/adaptor/mongodb.js:31:9
    at Query.<anonymous> (/root/public_html/node_modules/mongoose/lib/query.js:2180:28)
    at /root/public_html/node_modules/kareem/index.js:177:19
    at /root/public_html/node_modules/kareem/index.js:109:16
    at _combinedTickCallback (internal/process/next_tick.js:73:7)
    at process._tickDomainCallback (internal/process/next_tick.js:128:9)
2018-04-14 12:48 +00:00: TypeError: Cannot read property 'toFixed' of undefined
    at /root/public_html/controller/site/account.js:4034:66
    at /root/public_html/controller/adaptor/mongodb.js:31:9
    at Query.<anonymous> (/root/public_html/node_modules/mongoose/lib/query.js:2180:28)
    at /root/public_html/node_modules/kareem/index.js:177:19
    at /root/public_html/node_modules/kareem/index.js:109:16
    at _combinedTickCallback (internal/process/next_tick.js:73:7)
    at process._tickDomainCallback (internal/process/next_tick.js:128:9)
2018-04-14 12:48 +00:00: TypeError: Cannot read property 'toFixed' of undefined
    at /root/public_html/controller/site/account.js:4034:66
    at /root/public_html/controller/adaptor/mongodb.js:31:9
    at Query.<anonymous> (/root/public_html/node_modules/mongoose/lib/query.js:2180:28)
    at /root/public_html/node_modules/kareem/index.js:177:19
    at /root/public_html/node_modules/kareem/index.js:109:16
    at _combinedTickCallback (internal/process/next_tick.js:73:7)
    at process._tickDomainCallback (internal/process/next_tick.js:128:9)
2018-04-18 05:48 +00:00: /root/public_html/views/mobile/register/step4.pug, line 42:
You should not have pug tags with multiple attributes.
2018-04-18 05:48 +00:00: /root/public_html/views/mobile/register/step4.pug, line 53:
You should not have pug tags with multiple attributes.
2018-04-18 05:48 +00:00: /root/public_html/views/mobile/register/step4.pug, line 57:
You should not have pug tags with multiple attributes.
2018-04-18 05:48 +00:00: /root/public_html/views/mobile/register/step4.pug, line 61:
You should not have pug tags with multiple attributes.
2018-04-18 05:50 +00:00: /root/public_html/views/mobile/register/step4.pug, line 42:
You should not have pug tags with multiple attributes.
2018-04-18 05:50 +00:00: /root/public_html/views/mobile/register/step4.pug, line 53:
You should not have pug tags with multiple attributes.
2018-04-18 05:50 +00:00: /root/public_html/views/mobile/register/step4.pug, line 57:
You should not have pug tags with multiple attributes.
2018-04-18 05:50 +00:00: /root/public_html/views/mobile/register/step4.pug, line 61:
You should not have pug tags with multiple attributes.
2018-04-18 05:50 +00:00: /root/public_html/views/mobile/register/step4.pug, line 42:
You should not have pug tags with multiple attributes.
2018-04-18 05:50 +00:00: /root/public_html/views/mobile/register/step4.pug, line 53:
You should not have pug tags with multiple attributes.
2018-04-18 05:50 +00:00: /root/public_html/views/mobile/register/step4.pug, line 57:
You should not have pug tags with multiple attributes.
2018-04-18 05:50 +00:00: /root/public_html/views/mobile/register/step4.pug, line 61:
You should not have pug tags with multiple attributes.
2018-04-18 05:50 +00:00: /root/public_html/views/mobile/register/step4.pug, line 42:
You should not have pug tags with multiple attributes.
2018-04-18 05:50 +00:00: /root/public_html/views/mobile/register/step4.pug, line 53:
You should not have pug tags with multiple attributes.
/root/public_html/views/mobile/register/step4.pug, line 57:
You should not have pug tags with multiple attributes.
/root/public_html/views/mobile/register/step4.pug, line 61:
You should not have pug tags with multiple attributes.
2018-04-18 05:50 +00:00: /root/public_html/views/mobile/register/step4.pug, line 42:
You should not have pug tags with multiple attributes.
2018-04-18 05:50 +00:00: /root/public_html/views/mobile/register/step4.pug, line 53:
You should not have pug tags with multiple attributes.
/root/public_html/views/mobile/register/step4.pug, line 57:
You should not have pug tags with multiple attributes.
2018-04-18 05:50 +00:00: /root/public_html/views/mobile/register/step4.pug, line 61:
You should not have pug tags with multiple attributes.
2018-04-18 05:50 +00:00: /root/public_html/views/mobile/register/step4.pug, line 42:
You should not have pug tags with multiple attributes.
2018-04-18 05:50 +00:00: /root/public_html/views/mobile/register/step4.pug, line 53:
You should not have pug tags with multiple attributes.
2018-04-18 05:50 +00:00: /root/public_html/views/mobile/register/step4.pug, line 57:
You should not have pug tags with multiple attributes.
/root/public_html/views/mobile/register/step4.pug, line 61:
You should not have pug tags with multiple attributes.
2018-04-18 05:50 +00:00: /root/public_html/views/mobile/register/step4.pug, line 42:
You should not have pug tags with multiple attributes.
2018-04-18 05:50 +00:00: /root/public_html/views/mobile/register/step4.pug, line 53:
You should not have pug tags with multiple attributes.
2018-04-18 05:50 +00:00: /root/public_html/views/mobile/register/step4.pug, line 57:
You should not have pug tags with multiple attributes.
2018-04-18 05:50 +00:00: /root/public_html/views/mobile/register/step4.pug, line 61:
You should not have pug tags with multiple attributes.
2018-04-18 05:50 +00:00: /root/public_html/views/mobile/register/step4.pug, line 42:
You should not have pug tags with multiple attributes.
2018-04-18 05:50 +00:00: /root/public_html/views/mobile/register/step4.pug, line 53:
You should not have pug tags with multiple attributes.
2018-04-18 05:50 +00:00: /root/public_html/views/mobile/register/step4.pug, line 57:
You should not have pug tags with multiple attributes.
2018-04-18 05:50 +00:00: /root/public_html/views/mobile/register/step4.pug, line 61:
You should not have pug tags with multiple attributes.
2018-04-18 05:50 +00:00: /root/public_html/views/mobile/register/step4.pug, line 42:
You should not have pug tags with multiple attributes.
2018-04-18 05:50 +00:00: /root/public_html/views/mobile/register/step4.pug, line 53:
You should not have pug tags with multiple attributes.
/root/public_html/views/mobile/register/step4.pug, line 57:
You should not have pug tags with multiple attributes.
/root/public_html/views/mobile/register/step4.pug, line 61:
You should not have pug tags with multiple attributes.
2018-04-18 05:50 +00:00: /root/public_html/views/mobile/register/step4.pug, line 42:
You should not have pug tags with multiple attributes.
2018-04-18 05:50 +00:00: /root/public_html/views/mobile/register/step4.pug, line 53:
You should not have pug tags with multiple attributes.
/root/public_html/views/mobile/register/step4.pug, line 57:
You should not have pug tags with multiple attributes.
/root/public_html/views/mobile/register/step4.pug, line 61:
You should not have pug tags with multiple attributes.
2018-04-18 05:50 +00:00: /root/public_html/views/mobile/register/step4.pug, line 42:
You should not have pug tags with multiple attributes.
2018-04-18 05:50 +00:00: /root/public_html/views/mobile/register/step4.pug, line 53:
You should not have pug tags with multiple attributes.
2018-04-18 05:50 +00:00: /root/public_html/views/mobile/register/step4.pug, line 57:
You should not have pug tags with multiple attributes.
2018-04-18 05:50 +00:00: /root/public_html/views/mobile/register/step4.pug, line 61:
You should not have pug tags with multiple attributes.
2018-04-19 13:22 +00:00: /root/public_html/views/mobile/register/step4.pug, line 42:
You should not have pug tags with multiple attributes.
2018-04-19 13:22 +00:00: /root/public_html/views/mobile/register/step4.pug, line 53:
You should not have pug tags with multiple attributes.
/root/public_html/views/mobile/register/step4.pug, line 57:
You should not have pug tags with multiple attributes.
/root/public_html/views/mobile/register/step4.pug, line 61:
You should not have pug tags with multiple attributes.
2018-04-19 13:50 +00:00: Deprecation warning: moment construction falls back to js Date. This is discouraged and will be removed in upcoming major release. Please refer to https://github.com/moment/moment/issues/1407 for more info.
Error
    at Function.createFromInputFallback (/root/public_html/node_modules/moment/moment.js:746:36)
    at configFromString (/root/public_html/node_modules/moment/moment.js:826:32)
    at configFromInput (/root/public_html/node_modules/moment/moment.js:1353:13)
    at prepareConfig (/root/public_html/node_modules/moment/moment.js:1340:13)
    at createFromConfig (/root/public_html/node_modules/moment/moment.js:1307:44)
    at createLocalOrUTC (/root/public_html/node_modules/moment/moment.js:1385:16)
    at local__createLocal (/root/public_html/node_modules/moment/moment.js:1389:16)
    at utils_hooks__hooks (/root/public_html/node_modules/moment/moment.js:16:29)
    at /root/public_html/controller/mobile/provider.js:2113:65
    at /root/public_html/controller/adaptor/mongodb.js:37:9
    at /root/public_html/node_modules/mongoose/lib/aggregate.js:548:13
    at handleCallback (/root/public_html/node_modules/mongodb/lib/utils.js:96:12)
    at /root/public_html/node_modules/mongodb/lib/collection.js:2564:7
    at handleCallback (/root/public_html/node_modules/mongodb/lib/utils.js:96:12)
    at /root/public_html/node_modules/mongodb/lib/db.js:308:5
    at commandCallback (/root/public_html/node_modules/mongodb-core/lib/topologies/server.js:1194:9)
    at Callbacks.emit (/root/public_html/node_modules/mongodb-core/lib/topologies/server.js:119:3)
    at Connection.messageHandler (/root/public_html/node_modules/mongodb-core/lib/topologies/server.js:358:23)
    at Socket.<anonymous> (/root/public_html/node_modules/mongodb-core/lib/connection/connection.js:292:22)
    at emitOne (events.js:96:13)
    at Socket.emit (events.js:188:7)
    at readableAddChunk (_stream_readable.js:176:18)
    at Socket.Readable.push (_stream_readable.js:134:10)
    at TCP.onread (net.js:547:20)
2018-04-30 14:16 +00:00: TypeError: Cannot read property 'user_type' of undefined
    at /root/public_html/routes/index.js:166:45
    at Layer.handle [as handle_request] (/root/public_html/node_modules/express/lib/router/layer.js:95:5)
    at next (/root/public_html/node_modules/express/lib/router/route.js:131:13)
    at Route.dispatch (/root/public_html/node_modules/express/lib/router/route.js:112:3)
    at Layer.handle [as handle_request] (/root/public_html/node_modules/express/lib/router/layer.js:95:5)
    at /root/public_html/node_modules/express/lib/router/index.js:277:22
    at Function.process_params (/root/public_html/node_modules/express/lib/router/index.js:330:12)
    at next (/root/public_html/node_modules/express/lib/router/index.js:271:10)
    at /root/public_html/app.js:53:5
    at Layer.handle [as handle_request] (/root/public_html/node_modules/express/lib/router/layer.js:95:5)
    at trim_prefix (/root/public_html/node_modules/express/lib/router/index.js:312:13)
    at /root/public_html/node_modules/express/lib/router/index.js:280:7
    at Function.process_params (/root/public_html/node_modules/express/lib/router/index.js:330:12)
    at next (/root/public_html/node_modules/express/lib/router/index.js:271:10)
    at i18nInit (/root/public_html/node_modules/i18n/i18n.js:201:14)
    at Layer.handle [as handle_request] (/root/public_html/node_modules/express/lib/router/layer.js:95:5)
    at trim_prefix (/root/public_html/node_modules/express/lib/router/index.js:312:13)
    at /root/public_html/node_modules/express/lib/router/index.js:280:7
    at Function.process_params (/root/public_html/node_modules/express/lib/router/index.js:330:12)
    at next (/root/public_html/node_modules/express/lib/router/index.js:271:10)
    at compression (/root/public_html/node_modules/compression/index.js:219:5)
    at Layer.handle [as handle_request] (/root/public_html/node_modules/express/lib/router/layer.js:95:5)
    at trim_prefix (/root/public_html/node_modules/express/lib/router/index.js:312:13)
    at /root/public_html/node_modules/express/lib/router/index.js:280:7
    at Function.process_params (/root/public_html/node_modules/express/lib/router/index.js:330:12)
    at next (/root/public_html/node_modules/express/lib/router/index.js:271:10)
    at /root/public_html/node_modules/connect-flash/lib/flash.js:21:5
    at Layer.handle [as handle_request] (/root/public_html/node_modules/express/lib/router/layer.js:95:5)
